<?xml version="1.0" encoding="UTF-8"?>
<testng-results skipped="0" failed="1" ignored="0" total="7" passed="6">
  <reporter-output>
  </reporter-output>
  <suite name="Default suite" duration-ms="176711" started-at="2019-12-27T16:13:09 IST" finished-at="2019-12-27T16:16:06 IST">
    <groups>
      <group name="LoginPage">
        <method signature="LoginPageTest.verifyLogin(java.lang.String, java.lang.String)[pri:3, instance:com.qa.tests.LoginPageTest@4eb7f003]" name="verifyLogin" class="com.qa.tests.LoginPageTest"/>
        <method signature="LoginPageTest.VerifyHomePage()[pri:4, instance:com.qa.tests.LoginPageTest@4eb7f003]" name="VerifyHomePage" class="com.qa.tests.LoginPageTest"/>
        <method signature="LoginPageTest.verifyLoginText()[pri:2, instance:com.qa.tests.LoginPageTest@4eb7f003]" name="verifyLoginText" class="com.qa.tests.LoginPageTest"/>
        <method signature="LoginPageTest.verifyLogo()[pri:1, instance:com.qa.tests.LoginPageTest@4eb7f003]" name="verifyLogo" class="com.qa.tests.LoginPageTest"/>
      </group> <!-- LoginPage -->
    </groups>
    <test name="Default test" duration-ms="176711" started-at="2019-12-27T16:13:09 IST" finished-at="2019-12-27T16:16:06 IST">
      <class name="com.qa.tests.LoginPageTest">
        <test-method status="PASS" signature="setExtent()[pri:0, instance:com.qa.tests.LoginPageTest@4eb7f003]" name="setExtent" is-config="true" duration-ms="244" started-at="2019-12-27T16:13:09 IST" finished-at="2019-12-27T16:13:09 IST">
          <reporter-output>
          </reporter-output>
        </test-method> <!-- setExtent -->
        <test-method status="PASS" signature="setUp()[pri:0, instance:com.qa.tests.LoginPageTest@4eb7f003]" name="setUp" is-config="true" duration-ms="18723" started-at="2019-12-27T16:13:09 IST" finished-at="2019-12-27T16:13:28 IST">
          <reporter-output>
          </reporter-output>
        </test-method> <!-- setUp -->
        <test-method status="PASS" signature="verifyLogo()[pri:1, instance:com.qa.tests.LoginPageTest@4eb7f003]" name="verifyLogo" duration-ms="170" started-at="2019-12-27T16:13:28 IST" finished-at="2019-12-27T16:13:28 IST">
          <reporter-output>
          </reporter-output>
        </test-method> <!-- verifyLogo -->
        <test-method status="PASS" signature="tearDown(org.testng.ITestResult)[pri:0, instance:com.qa.tests.LoginPageTest@4eb7f003]" name="tearDown" is-config="true" duration-ms="765" started-at="2019-12-27T16:13:28 IST" finished-at="2019-12-27T16:13:29 IST">
          <params>
            <param index="0">
              <value>
                <![CDATA[[TestResult name=verifyLogo status=SUCCESS method=LoginPageTest.verifyLogo()[pri:1, instance:com.qa.tests.LoginPageTest@4eb7f003] output={null}]]]>
              </value>
            </param>
          </params>
          <reporter-output>
          </reporter-output>
        </test-method> <!-- tearDown -->
        <test-method status="PASS" signature="setUp()[pri:0, instance:com.qa.tests.LoginPageTest@4eb7f003]" name="setUp" is-config="true" duration-ms="19368" started-at="2019-12-27T16:13:29 IST" finished-at="2019-12-27T16:13:48 IST">
          <reporter-output>
          </reporter-output>
        </test-method> <!-- setUp -->
        <test-method status="PASS" signature="verifyLoginText()[pri:2, instance:com.qa.tests.LoginPageTest@4eb7f003]" name="verifyLoginText" duration-ms="79" started-at="2019-12-27T16:13:48 IST" finished-at="2019-12-27T16:13:48 IST">
          <reporter-output>
          </reporter-output>
        </test-method> <!-- verifyLoginText -->
        <test-method status="PASS" signature="tearDown(org.testng.ITestResult)[pri:0, instance:com.qa.tests.LoginPageTest@4eb7f003]" name="tearDown" is-config="true" duration-ms="1298" started-at="2019-12-27T16:13:48 IST" finished-at="2019-12-27T16:13:50 IST">
          <params>
            <param index="0">
              <value>
                <![CDATA[[TestResult name=verifyLoginText status=SUCCESS method=LoginPageTest.verifyLoginText()[pri:2, instance:com.qa.tests.LoginPageTest@4eb7f003] output={null}]]]>
              </value>
            </param>
          </params>
          <reporter-output>
          </reporter-output>
        </test-method> <!-- tearDown -->
        <test-method status="PASS" signature="setUp()[pri:0, instance:com.qa.tests.LoginPageTest@4eb7f003]" name="setUp" is-config="true" duration-ms="16775" started-at="2019-12-27T16:13:54 IST" finished-at="2019-12-27T16:14:10 IST">
          <reporter-output>
          </reporter-output>
        </test-method> <!-- setUp -->
        <test-method status="PASS" signature="verifyLogin(java.lang.String, java.lang.String)[pri:3, instance:com.qa.tests.LoginPageTest@4eb7f003]" name="verifyLogin" duration-ms="10678" started-at="2019-12-27T16:14:10 IST" data-provider="getData" finished-at="2019-12-27T16:14:21 IST">
          <params>
            <param index="0">
              <value>
                <![CDATA[shubam.orp@gmail.com]]>
              </value>
            </param>
            <param index="1">
              <value>
                <![CDATA[welcome123]]>
              </value>
            </param>
          </params>
          <reporter-output>
          </reporter-output>
        </test-method> <!-- verifyLogin -->
        <test-method status="PASS" signature="tearDown(org.testng.ITestResult)[pri:0, instance:com.qa.tests.LoginPageTest@4eb7f003]" name="tearDown" is-config="true" duration-ms="774" started-at="2019-12-27T16:14:21 IST" finished-at="2019-12-27T16:14:22 IST">
          <params>
            <param index="0">
              <value>
                <![CDATA[[TestResult name=verifyLogin status=SUCCESS method=LoginPageTest.verifyLogin(java.lang.String, java.lang.String)[pri:3, instance:com.qa.tests.LoginPageTest@4eb7f003] output={null}]]]>
              </value>
            </param>
          </params>
          <reporter-output>
          </reporter-output>
        </test-method> <!-- tearDown -->
        <test-method status="PASS" signature="setUp()[pri:0, instance:com.qa.tests.LoginPageTest@4eb7f003]" name="setUp" is-config="true" duration-ms="17558" started-at="2019-12-27T16:14:22 IST" finished-at="2019-12-27T16:14:39 IST">
          <reporter-output>
          </reporter-output>
        </test-method> <!-- setUp -->
        <test-method status="PASS" signature="verifyLogin(java.lang.String, java.lang.String)[pri:3, instance:com.qa.tests.LoginPageTest@4eb7f003]" name="verifyLogin" duration-ms="10876" started-at="2019-12-27T16:14:39 IST" data-provider="getData" finished-at="2019-12-27T16:14:50 IST">
          <params>
            <param index="0">
              <value>
                <![CDATA[saiprashanna.chokala@srijaytech.co]]>
              </value>
            </param>
            <param index="1">
              <value>
                <![CDATA[welcome123]]>
              </value>
            </param>
          </params>
          <reporter-output>
          </reporter-output>
        </test-method> <!-- verifyLogin -->
        <test-method status="PASS" signature="tearDown(org.testng.ITestResult)[pri:0, instance:com.qa.tests.LoginPageTest@4eb7f003]" name="tearDown" is-config="true" duration-ms="756" started-at="2019-12-27T16:14:50 IST" finished-at="2019-12-27T16:14:51 IST">
          <params>
            <param index="0">
              <value>
                <![CDATA[[TestResult name=verifyLogin status=SUCCESS method=LoginPageTest.verifyLogin(java.lang.String, java.lang.String)[pri:3, instance:com.qa.tests.LoginPageTest@4eb7f003] output={null}]]]>
              </value>
            </param>
          </params>
          <reporter-output>
          </reporter-output>
        </test-method> <!-- tearDown -->
        <test-method status="PASS" signature="setUp()[pri:0, instance:com.qa.tests.LoginPageTest@4eb7f003]" name="setUp" is-config="true" duration-ms="14721" started-at="2019-12-27T16:14:51 IST" finished-at="2019-12-27T16:15:06 IST">
          <reporter-output>
          </reporter-output>
        </test-method> <!-- setUp -->
        <test-method status="PASS" signature="verifyLogin(java.lang.String, java.lang.String)[pri:3, instance:com.qa.tests.LoginPageTest@4eb7f003]" name="verifyLogin" duration-ms="10763" started-at="2019-12-27T16:15:06 IST" data-provider="getData" finished-at="2019-12-27T16:15:17 IST">
          <params>
            <param index="0">
              <value>
                <![CDATA[shubam.orp@gmail.com]]>
              </value>
            </param>
            <param index="1">
              <value>
                <![CDATA[welcome123]]>
              </value>
            </param>
          </params>
          <reporter-output>
          </reporter-output>
        </test-method> <!-- verifyLogin -->
        <test-method status="PASS" signature="tearDown(org.testng.ITestResult)[pri:0, instance:com.qa.tests.LoginPageTest@4eb7f003]" name="tearDown" is-config="true" duration-ms="748" started-at="2019-12-27T16:15:17 IST" finished-at="2019-12-27T16:15:17 IST">
          <params>
            <param index="0">
              <value>
                <![CDATA[[TestResult name=verifyLogin status=SUCCESS method=LoginPageTest.verifyLogin(java.lang.String, java.lang.String)[pri:3, instance:com.qa.tests.LoginPageTest@4eb7f003] output={null}]]]>
              </value>
            </param>
          </params>
          <reporter-output>
          </reporter-output>
        </test-method> <!-- tearDown -->
        <test-method status="PASS" signature="setUp()[pri:0, instance:com.qa.tests.LoginPageTest@4eb7f003]" name="setUp" is-config="true" duration-ms="16090" started-at="2019-12-27T16:15:17 IST" finished-at="2019-12-27T16:15:33 IST">
          <reporter-output>
          </reporter-output>
        </test-method> <!-- setUp -->
        <test-method status="PASS" signature="verifyLogin(java.lang.String, java.lang.String)[pri:3, instance:com.qa.tests.LoginPageTest@4eb7f003]" name="verifyLogin" duration-ms="10819" started-at="2019-12-27T16:15:33 IST" data-provider="getData" finished-at="2019-12-27T16:15:44 IST">
          <params>
            <param index="0">
              <value>
                <![CDATA[saiprashanna.chokala@srijaytech.co]]>
              </value>
            </param>
            <param index="1">
              <value>
                <![CDATA[welcome123]]>
              </value>
            </param>
          </params>
          <reporter-output>
          </reporter-output>
        </test-method> <!-- verifyLogin -->
        <test-method status="PASS" signature="tearDown(org.testng.ITestResult)[pri:0, instance:com.qa.tests.LoginPageTest@4eb7f003]" name="tearDown" is-config="true" duration-ms="767" started-at="2019-12-27T16:15:44 IST" finished-at="2019-12-27T16:15:45 IST">
          <params>
            <param index="0">
              <value>
                <![CDATA[[TestResult name=verifyLogin status=SUCCESS method=LoginPageTest.verifyLogin(java.lang.String, java.lang.String)[pri:3, instance:com.qa.tests.LoginPageTest@4eb7f003] output={null}]]]>
              </value>
            </param>
          </params>
          <reporter-output>
          </reporter-output>
        </test-method> <!-- tearDown -->
        <test-method status="PASS" signature="setUp()[pri:0, instance:com.qa.tests.LoginPageTest@4eb7f003]" name="setUp" is-config="true" duration-ms="17514" started-at="2019-12-27T16:15:45 IST" finished-at="2019-12-27T16:16:03 IST">
          <reporter-output>
          </reporter-output>
        </test-method> <!-- setUp -->
        <test-method status="FAIL" signature="VerifyHomePage()[pri:4, instance:com.qa.tests.LoginPageTest@4eb7f003]" name="VerifyHomePage" duration-ms="94" started-at="2019-12-27T16:16:03 IST" depends-on-methods="com.qa.tests.LoginPageTest.verifyLogin" finished-at="2019-12-27T16:16:03 IST">
          <exception class="org.openqa.selenium.NoSuchElementException">
            <message>
              <![CDATA[no such element: Unable to locate element: {"method":"xpath","selector":"//button[@id='fullName']"}
  (Session info: chrome=79.0.3945.88)
  (Driver info: chromedriver=2.42.591088 (7b2b2dca23cca0862f674758c9a3933e685c27d5),platform=Windows NT 6.1.7601 SP1 x86_64) (WARNING: The server did not provide any stacktrace information)
Command duration or timeout: 0 milliseconds
For documentation on this error, please visit: https://www.seleniumhq.org/exceptions/no_such_element.html
Build info: version: '4.0.0-alpha-3', revision: '8c567de6dc'
System info: host: 'SRIJAYTECHLAP1', ip: '192.168.0.181', os.name: 'Windows 7', os.arch: 'amd64', os.version: '6.1', java.version: '1.8.0_181'
Driver info: org.openqa.selenium.chrome.ChromeDriver
Capabilities {acceptInsecureCerts: false, acceptSslCerts: false, applicationCacheEnabled: false, browserConnectionEnabled: false, browserName: chrome, chrome: {chromedriverVersion: 2.42.591088 (7b2b2dca23cca0..., userDataDir: C:\Users\subham\AppData\Loc...}, cssSelectorsEnabled: true, databaseEnabled: false, goog:chromeOptions: {debuggerAddress: localhost:3656}, handlesAlerts: true, hasTouchScreen: false, javascriptEnabled: true, locationContextEnabled: true, mobileEmulationEnabled: false, nativeEvents: true, networkConnectionEnabled: false, pageLoadStrategy: normal, platform: XP, platformName: XP, rotatable: false, setWindowRect: true, takesHeapSnapshot: true, takesScreenshot: true, unexpectedAlertBehaviour: , unhandledPromptBehavior: , version: 79.0.3945.88, webStorageEnabled: true}
Session ID: 4bf7e592a805157a409e8cc786243290
*** Element info: {Using=xpath, value=//button[@id='fullName']}]]>
            </message>
            <full-stacktrace>
              <![CDATA[org.openqa.selenium.NoSuchElementException: no such element: Unable to locate element: {"method":"xpath","selector":"//button[@id='fullName']"}
  (Session info: chrome=79.0.3945.88)
  (Driver info: chromedriver=2.42.591088 (7b2b2dca23cca0862f674758c9a3933e685c27d5),platform=Windows NT 6.1.7601 SP1 x86_64) (WARNING: The server did not provide any stacktrace information)
Command duration or timeout: 0 milliseconds
For documentation on this error, please visit: https://www.seleniumhq.org/exceptions/no_such_element.html
Build info: version: '4.0.0-alpha-3', revision: '8c567de6dc'
System info: host: 'SRIJAYTECHLAP1', ip: '192.168.0.181', os.name: 'Windows 7', os.arch: 'amd64', os.version: '6.1', java.version: '1.8.0_181'
Driver info: org.openqa.selenium.chrome.ChromeDriver
Capabilities {acceptInsecureCerts: false, acceptSslCerts: false, applicationCacheEnabled: false, browserConnectionEnabled: false, browserName: chrome, chrome: {chromedriverVersion: 2.42.591088 (7b2b2dca23cca0..., userDataDir: C:\Users\subham\AppData\Loc...}, cssSelectorsEnabled: true, databaseEnabled: false, goog:chromeOptions: {debuggerAddress: localhost:3656}, handlesAlerts: true, hasTouchScreen: false, javascriptEnabled: true, locationContextEnabled: true, mobileEmulationEnabled: false, nativeEvents: true, networkConnectionEnabled: false, pageLoadStrategy: normal, platform: XP, platformName: XP, rotatable: false, setWindowRect: true, takesHeapSnapshot: true, takesScreenshot: true, unexpectedAlertBehaviour: , unhandledPromptBehavior: , version: 79.0.3945.88, webStorageEnabled: true}
Session ID: 4bf7e592a805157a409e8cc786243290
*** Element info: {Using=xpath, value=//button[@id='fullName']}
at sun.reflect.NativeConstructorAccessorImpl.newInstance0(Native Method)
at sun.reflect.NativeConstructorAccessorImpl.newInstance(NativeConstructorAccessorImpl.java:62)
at sun.reflect.DelegatingConstructorAccessorImpl.newInstance(DelegatingConstructorAccessorImpl.java:45)
at java.lang.reflect.Constructor.newInstance(Constructor.java:423)
at org.openqa.selenium.remote.ErrorHandler.createThrowable(ErrorHandler.java:214)
at org.openqa.selenium.remote.ErrorHandler.throwIfResponseFailed(ErrorHandler.java:166)
at org.openqa.selenium.remote.codec.jwp.JsonHttpResponseCodec.reconstructValue(JsonHttpResponseCodec.java:41)
at org.openqa.selenium.remote.codec.AbstractHttpResponseCodec.decode(AbstractHttpResponseCodec.java:83)
at org.openqa.selenium.remote.codec.AbstractHttpResponseCodec.decode(AbstractHttpResponseCodec.java:47)
at org.openqa.selenium.remote.HttpCommandExecutor.execute(HttpCommandExecutor.java:161)
at org.openqa.selenium.remote.service.DriverCommandExecutor.execute(DriverCommandExecutor.java:83)
at org.openqa.selenium.remote.RemoteWebDriver.execute(RemoteWebDriver.java:576)
at org.openqa.selenium.remote.RemoteWebDriver.findElement(RemoteWebDriver.java:327)
at org.openqa.selenium.remote.RemoteWebDriver.findElementByXPath(RemoteWebDriver.java:445)
at org.openqa.selenium.By$ByXPath.findElement(By.java:396)
at org.openqa.selenium.remote.RemoteWebDriver.findElement(RemoteWebDriver.java:319)
at org.openqa.selenium.support.pagefactory.DefaultElementLocator.findElement(DefaultElementLocator.java:70)
at org.openqa.selenium.support.pagefactory.internal.LocatingElementHandler.invoke(LocatingElementHandler.java:39)
at com.sun.proxy.$Proxy12.getText(Unknown Source)
at com.qa.pages.LoginPage.verifyUserName(LoginPage.java:67)
at com.qa.tests.LoginPageTest.VerifyHomePage(LoginPageTest.java:136)
at sun.reflect.NativeMethodAccessorImpl.invoke0(Native Method)
at sun.reflect.NativeMethodAccessorImpl.invoke(NativeMethodAccessorImpl.java:62)
at sun.reflect.DelegatingMethodAccessorImpl.invoke(DelegatingMethodAccessorImpl.java:43)
at java.lang.reflect.Method.invoke(Method.java:498)
at org.testng.internal.MethodInvocationHelper.invokeMethod(MethodInvocationHelper.java:133)
at org.testng.internal.TestInvoker.invokeMethod(TestInvoker.java:584)
at org.testng.internal.TestInvoker.invokeTestMethod(TestInvoker.java:172)
at org.testng.internal.MethodRunner.runInSequence(MethodRunner.java:46)
at org.testng.internal.TestInvoker$MethodInvocationAgent.invoke(TestInvoker.java:804)
at org.testng.internal.TestInvoker.invokeTestMethods(TestInvoker.java:145)
at org.testng.internal.TestMethodWorker.invokeTestMethods(TestMethodWorker.java:146)
at org.testng.internal.TestMethodWorker.run(TestMethodWorker.java:128)
at java.util.ArrayList.forEach(ArrayList.java:1257)
at org.testng.TestRunner.privateRun(TestRunner.java:770)
at org.testng.TestRunner.run(TestRunner.java:591)
at org.testng.SuiteRunner.runTest(SuiteRunner.java:402)
at org.testng.SuiteRunner.runSequentially(SuiteRunner.java:396)
at org.testng.SuiteRunner.privateRun(SuiteRunner.java:355)
at org.testng.SuiteRunner.run(SuiteRunner.java:304)
at org.testng.SuiteRunnerWorker.runSuite(SuiteRunnerWorker.java:53)
at org.testng.SuiteRunnerWorker.run(SuiteRunnerWorker.java:96)
at org.testng.TestNG.runSuitesSequentially(TestNG.java:1180)
at org.testng.TestNG.runSuitesLocally(TestNG.java:1102)
at org.testng.TestNG.runSuites(TestNG.java:1032)
at org.testng.TestNG.run(TestNG.java:1000)
at org.testng.remote.AbstractRemoteTestNG.run(AbstractRemoteTestNG.java:115)
at org.testng.remote.RemoteTestNG.initAndRun(RemoteTestNG.java:251)
at org.testng.remote.RemoteTestNG.main(RemoteTestNG.java:77)
]]>
            </full-stacktrace>
          </exception> <!-- org.openqa.selenium.NoSuchElementException -->
          <reporter-output>
          </reporter-output>
        </test-method> <!-- VerifyHomePage -->
        <test-method status="PASS" signature="tearDown(org.testng.ITestResult)[pri:0, instance:com.qa.tests.LoginPageTest@4eb7f003]" name="tearDown" is-config="true" duration-ms="2389" started-at="2019-12-27T16:16:03 IST" finished-at="2019-12-27T16:16:05 IST">
          <params>
            <param index="0">
              <value>
                <![CDATA[[TestResult name=VerifyHomePage status=FAILURE method=LoginPageTest.VerifyHomePage()[pri:4, instance:com.qa.tests.LoginPageTest@4eb7f003] output={null}]]]>
              </value>
            </param>
          </params>
          <reporter-output>
          </reporter-output>
        </test-method> <!-- tearDown -->
        <test-method status="PASS" signature="closeExtent()[pri:0, instance:com.qa.tests.LoginPageTest@4eb7f003]" name="closeExtent" is-config="true" duration-ms="715" started-at="2019-12-27T16:16:05 IST" finished-at="2019-12-27T16:16:06 IST">
          <reporter-output>
          </reporter-output>
        </test-method> <!-- closeExtent -->
      </class> <!-- com.qa.tests.LoginPageTest -->
    </test> <!-- Default test -->
  </suite> <!-- Default suite -->
</testng-results>
