<?xml version="1.0" encoding="UTF-8"?>
<!-- Generated by org.testng.reporters.JUnitXMLReporter -->
<testsuite hostname="srijaytechlap1" ignored="0" name="Kipos POS Automation" tests="8" failures="4" timestamp="2019-12-24T18:21:11 IST" time="226.126" errors="0">
  <testcase name="verifyLogo" time="0.11" classname="com.qa.tests.LoginPageTest"/>
  <testcase name="verifyLoginText" time="0.115" classname="com.qa.tests.LoginPageTest"/>
  <testcase name="verifyLogin" time="10.723" classname="com.qa.tests.LoginPageTest"/>
  <testcase name="verifyLogin" time="10.757" classname="com.qa.tests.LoginPageTest"/>
  <testcase name="verifyAddToCart" time="0.06" classname="com.qa.tests.HomepageTest">
    <failure type="java.lang.NullPointerException">
      <![CDATA[java.lang.NullPointerException
at com.qa.tests.HomepageTest.verifyAddToCart(HomepageTest.java:71)
at java.util.ArrayList.forEach(ArrayList.java:1257)
... Removed 27 stack frames]]>
    </failure>
  </testcase> <!-- verifyAddToCart -->
  <testcase name="verifyLogo" time="0.004" classname="com.qa.tests.HomepageTest">
    <failure type="java.lang.NullPointerException">
      <![CDATA[java.lang.NullPointerException
at com.qa.tests.HomepageTest.verifyLogo(HomepageTest.java:49)
at java.util.ArrayList.forEach(ArrayList.java:1257)
... Removed 27 stack frames]]>
    </failure>
  </testcase> <!-- verifyLogo -->
  <testcase name="verifyProductName" time="0.007" classname="com.qa.tests.HomepageTest">
    <failure type="java.lang.NullPointerException">
      <![CDATA[java.lang.NullPointerException
at com.qa.tests.HomepageTest.verifyProductName(HomepageTest.java:63)
at java.util.ArrayList.forEach(ArrayList.java:1257)
... Removed 27 stack frames]]>
    </failure>
  </testcase> <!-- verifyProductName -->
  <testcase name="verifySearch" time="0.005" classname="com.qa.tests.HomepageTest">
    <failure type="java.lang.NullPointerException">
      <![CDATA[java.lang.NullPointerException
at com.qa.tests.HomepageTest.verifySearch(HomepageTest.java:56)
at java.util.ArrayList.forEach(ArrayList.java:1257)
... Removed 27 stack frames]]>
    </failure>
  </testcase> <!-- verifySearch -->
</testsuite> <!-- Kipos POS Automation -->
